[INFO] Scanning for projects...
[INFO] ------------------------------------------------------------------------
[INFO] Reactor Build Order:
[INFO] 
[INFO] Newsletter Application
[INFO] Newsletter Config
[INFO] Newsletter Utils
[INFO] Newsletter Model
[INFO] Newsletter Respository
[INFO] Newsletter Service
[INFO] Newsletter Security
[INFO] Newsletter Web
[INFO]                                                                         
[INFO] ------------------------------------------------------------------------
[INFO] Building Newsletter Application 0.0.1-SNAPSHOT
[INFO] ------------------------------------------------------------------------
[INFO] 
[INFO] >>> maven-assembly-plugin:2.2-beta-5:assembly (default-cli) > package @ newsletter-app >>>
[INFO]                                                                         
[INFO] >>>>>>>>>>>>>>>>>>>>>>>>>>>>>>>>>>>>>>>>>>>>>>>>>>>>>>>>>>>>>>>>>>>>>>>>
[INFO] Forking Newsletter Config 0.0.1-SNAPSHOT
[INFO] >>>>>>>>>>>>>>>>>>>>>>>>>>>>>>>>>>>>>>>>>>>>>>>>>>>>>>>>>>>>>>>>>>>>>>>>
[INFO] 
[INFO] --- maven-resources-plugin:2.6:resources (default-resources) @ newsletter-config ---
[INFO] Using 'UTF-8' encoding to copy filtered resources.
[INFO] Copying 1 resource
[INFO] 
[INFO] --- maven-compiler-plugin:3.1:compile (default-compile) @ newsletter-config ---
[INFO] Nothing to compile - all classes are up to date
[INFO] 
[INFO] --- maven-resources-plugin:2.6:testResources (default-testResources) @ newsletter-config ---
[INFO] Using 'UTF-8' encoding to copy filtered resources.
[INFO] Copying 0 resource
[INFO] 
[INFO] --- maven-compiler-plugin:3.1:testCompile (default-testCompile) @ newsletter-config ---
[INFO] Nothing to compile - all classes are up to date
[INFO] 
[INFO] --- maven-surefire-plugin:2.12.4:test (default-test) @ newsletter-config ---
[INFO] 
[INFO] --- maven-jar-plugin:2.4:jar (default-jar) @ newsletter-config ---
[INFO] Building jar: C:\Users\108012516\workspace\newsletter-app\newsletter-config\target\newsletter-config-0.0.1-SNAPSHOT-env-dev.jar
[INFO]                                                                         
[INFO] >>>>>>>>>>>>>>>>>>>>>>>>>>>>>>>>>>>>>>>>>>>>>>>>>>>>>>>>>>>>>>>>>>>>>>>>
[INFO] Forking Newsletter Utils 0.0.1-SNAPSHOT
[INFO] >>>>>>>>>>>>>>>>>>>>>>>>>>>>>>>>>>>>>>>>>>>>>>>>>>>>>>>>>>>>>>>>>>>>>>>>
[INFO] 
[INFO] --- maven-resources-plugin:2.6:resources (default-resources) @ newsletter-utils ---
[INFO] Using 'UTF-8' encoding to copy filtered resources.
[INFO] Copying 0 resource
[INFO] 
[INFO] --- maven-compiler-plugin:3.1:compile (default-compile) @ newsletter-utils ---
[INFO] Changes detected - recompiling the module!
[INFO] Compiling 1 source file to C:\Users\108012516\workspace\newsletter-app\newsletter-utils\target\classes
[INFO] 
[INFO] --- maven-resources-plugin:2.6:testResources (default-testResources) @ newsletter-utils ---
[INFO] Using 'UTF-8' encoding to copy filtered resources.
[INFO] Copying 0 resource
[INFO] 
[INFO] --- maven-compiler-plugin:3.1:testCompile (default-testCompile) @ newsletter-utils ---
[INFO] Changes detected - recompiling the module!
[INFO] Compiling 1 source file to C:\Users\108012516\workspace\newsletter-app\newsletter-utils\target\test-classes
[INFO] 
[INFO] --- maven-surefire-plugin:2.12.4:test (default-test) @ newsletter-utils ---
[INFO] Surefire report directory: C:\Users\108012516\workspace\newsletter-app\newsletter-utils\target\surefire-reports

-------------------------------------------------------
 T E S T S
-------------------------------------------------------
Running com.ewheezy.yayatow.newsletter.DateUtilTest
Tests run: 1, Failures: 0, Errors: 0, Skipped: 0, Time elapsed: 0.109 sec

Results :

Tests run: 1, Failures: 0, Errors: 0, Skipped: 0

[INFO] 
[INFO] --- maven-jar-plugin:2.4:jar (default-jar) @ newsletter-utils ---
[INFO] Building jar: C:\Users\108012516\workspace\newsletter-app\newsletter-utils\target\newsletter-utils-0.0.1-SNAPSHOT-env-dev.jar
[INFO]                                                                         
[INFO] >>>>>>>>>>>>>>>>>>>>>>>>>>>>>>>>>>>>>>>>>>>>>>>>>>>>>>>>>>>>>>>>>>>>>>>>
[INFO] Forking Newsletter Model 0.0.1-SNAPSHOT
[INFO] >>>>>>>>>>>>>>>>>>>>>>>>>>>>>>>>>>>>>>>>>>>>>>>>>>>>>>>>>>>>>>>>>>>>>>>>
[INFO] 
[INFO] --- maven-resources-plugin:2.6:resources (default-resources) @ newsletter-model ---
[INFO] Using 'UTF-8' encoding to copy filtered resources.
[INFO] Copying 0 resource
[INFO] 
[INFO] --- maven-compiler-plugin:2.3.1:compile (default-compile) @ newsletter-model ---
[INFO] Compiling 1 source file to C:\Users\108012516\workspace\newsletter-app\newsletter-model\target\classes
[INFO] 
[INFO] --- maven-resources-plugin:2.6:testResources (default-testResources) @ newsletter-model ---
[INFO] Using 'UTF-8' encoding to copy filtered resources.
[INFO] Copying 0 resource
[INFO] 
[INFO] --- maven-compiler-plugin:2.3.1:testCompile (default-testCompile) @ newsletter-model ---
[INFO] Nothing to compile - all classes are up to date
[INFO] 
[INFO] --- maven-surefire-plugin:2.12.4:test (default-test) @ newsletter-model ---
[INFO] 
[INFO] --- maven-jar-plugin:2.4:jar (default-jar) @ newsletter-model ---
[INFO] Building jar: C:\Users\108012516\workspace\newsletter-app\newsletter-model\target\newsletter-model-0.0.1-SNAPSHOT-env-dev.jar
[INFO]                                                                         
[INFO] >>>>>>>>>>>>>>>>>>>>>>>>>>>>>>>>>>>>>>>>>>>>>>>>>>>>>>>>>>>>>>>>>>>>>>>>
[INFO] Forking Newsletter Respository 0.0.1-SNAPSHOT
[INFO] >>>>>>>>>>>>>>>>>>>>>>>>>>>>>>>>>>>>>>>>>>>>>>>>>>>>>>>>>>>>>>>>>>>>>>>>
[INFO] 
[INFO] --- maven-resources-plugin:2.6:resources (default-resources) @ newsletter-repository ---
[INFO] Using 'UTF-8' encoding to copy filtered resources.
[INFO] Copying 0 resource
[INFO] 
[INFO] --- maven-compiler-plugin:3.1:compile (default-compile) @ newsletter-repository ---
[INFO] Nothing to compile - all classes are up to date
[INFO] 
[INFO] --- maven-resources-plugin:2.6:testResources (default-testResources) @ newsletter-repository ---
[INFO] Using 'UTF-8' encoding to copy filtered resources.
[INFO] Copying 0 resource
[INFO] 
[INFO] --- maven-compiler-plugin:3.1:testCompile (default-testCompile) @ newsletter-repository ---
[INFO] Nothing to compile - all classes are up to date
[INFO] 
[INFO] --- maven-surefire-plugin:2.12.4:test (default-test) @ newsletter-repository ---
[INFO] 
[INFO] --- maven-jar-plugin:2.4:jar (default-jar) @ newsletter-repository ---
[INFO] Building jar: C:\Users\108012516\workspace\newsletter-app\newsletter-repository\target\newsletter-repository-0.0.1-SNAPSHOT-env-dev.jar
[INFO]                                                                         
[INFO] >>>>>>>>>>>>>>>>>>>>>>>>>>>>>>>>>>>>>>>>>>>>>>>>>>>>>>>>>>>>>>>>>>>>>>>>
[INFO] Forking Newsletter Service 0.0.1-SNAPSHOT
[INFO] >>>>>>>>>>>>>>>>>>>>>>>>>>>>>>>>>>>>>>>>>>>>>>>>>>>>>>>>>>>>>>>>>>>>>>>>
[INFO] 
[INFO] --- maven-resources-plugin:2.6:resources (default-resources) @ newsletter-service ---
[INFO] Using 'UTF-8' encoding to copy filtered resources.
[INFO] Copying 0 resource
[INFO] 
[INFO] --- maven-compiler-plugin:3.1:compile (default-compile) @ newsletter-service ---
[INFO] Nothing to compile - all classes are up to date
[INFO] 
[INFO] --- maven-resources-plugin:2.6:testResources (default-testResources) @ newsletter-service ---
[INFO] Using 'UTF-8' encoding to copy filtered resources.
[INFO] Copying 0 resource
[INFO] 
[INFO] --- maven-compiler-plugin:3.1:testCompile (default-testCompile) @ newsletter-service ---
[INFO] Nothing to compile - all classes are up to date
[INFO] 
[INFO] --- maven-surefire-plugin:2.12.4:test (default-test) @ newsletter-service ---
[INFO] 
[INFO] --- maven-jar-plugin:2.4:jar (default-jar) @ newsletter-service ---
[INFO] Building jar: C:\Users\108012516\workspace\newsletter-app\newsletter-service\target\newsletter-service-0.0.1-SNAPSHOT-env-dev.jar
[INFO]                                                                         
[INFO] >>>>>>>>>>>>>>>>>>>>>>>>>>>>>>>>>>>>>>>>>>>>>>>>>>>>>>>>>>>>>>>>>>>>>>>>
[INFO] Forking Newsletter Security 0.0.1-SNAPSHOT
[INFO] >>>>>>>>>>>>>>>>>>>>>>>>>>>>>>>>>>>>>>>>>>>>>>>>>>>>>>>>>>>>>>>>>>>>>>>>
[INFO] 
[INFO] --- maven-resources-plugin:2.6:resources (default-resources) @ newsletter-security ---
[INFO] Using 'UTF-8' encoding to copy filtered resources.
[INFO] Copying 0 resource
[INFO] 
[INFO] --- maven-compiler-plugin:3.1:compile (default-compile) @ newsletter-security ---
[INFO] Nothing to compile - all classes are up to date
[INFO] 
[INFO] --- maven-resources-plugin:2.6:testResources (default-testResources) @ newsletter-security ---
[INFO] Using 'UTF-8' encoding to copy filtered resources.
[INFO] Copying 0 resource
[INFO] 
[INFO] --- maven-compiler-plugin:3.1:testCompile (default-testCompile) @ newsletter-security ---
[INFO] Nothing to compile - all classes are up to date
[INFO] 
[INFO] --- maven-surefire-plugin:2.12.4:test (default-test) @ newsletter-security ---
[INFO] 
[INFO] --- maven-jar-plugin:2.4:jar (default-jar) @ newsletter-security ---
[INFO] Building jar: C:\Users\108012516\workspace\newsletter-app\newsletter-security\target\newsletter-security-0.0.1-SNAPSHOT-env-dev.jar
[INFO]                                                                         
[INFO] >>>>>>>>>>>>>>>>>>>>>>>>>>>>>>>>>>>>>>>>>>>>>>>>>>>>>>>>>>>>>>>>>>>>>>>>
[INFO] Forking Newsletter Web 0.0.1-SNAPSHOT
[INFO] >>>>>>>>>>>>>>>>>>>>>>>>>>>>>>>>>>>>>>>>>>>>>>>>>>>>>>>>>>>>>>>>>>>>>>>>
[INFO] 
[INFO] --- maven-resources-plugin:2.6:resources (default-resources) @ newsletter-web ---
[INFO] Using 'UTF-8' encoding to copy filtered resources.
[INFO] Copying 0 resource
[INFO] 
[INFO] --- maven-compiler-plugin:3.1:compile (default-compile) @ newsletter-web ---
[INFO] Nothing to compile - all classes are up to date
[INFO] 
[INFO] --- maven-resources-plugin:2.6:testResources (default-testResources) @ newsletter-web ---
[INFO] Using 'UTF-8' encoding to copy filtered resources.
[INFO] Copying 0 resource
[INFO] 
[INFO] --- maven-compiler-plugin:3.1:testCompile (default-testCompile) @ newsletter-web ---
[INFO] Nothing to compile - all classes are up to date
[INFO] 
[INFO] --- maven-surefire-plugin:2.12.4:test (default-test) @ newsletter-web ---
[INFO] 
[INFO] --- maven-war-plugin:2.2:war (default-war) @ newsletter-web ---
[INFO] Packaging webapp
[INFO] Assembling webapp [newsletter-web] in [C:\Users\108012516\workspace\newsletter-app\newsletter-web\target\newsletter-web-0.0.1-SNAPSHOT-env-dev]
[INFO] Processing war project
[INFO] Copying webapp resources [C:\Users\108012516\workspace\newsletter-app\newsletter-web\src\main\webapp]
[INFO] Webapp assembled in [2399 msecs]
[INFO] Building war: C:\Users\108012516\workspace\newsletter-app\newsletter-web\target\newsletter-web-0.0.1-SNAPSHOT-env-dev.war
[INFO] WEB-INF\web.xml already added, skipping
[INFO] 
[INFO] <<< maven-assembly-plugin:2.2-beta-5:assembly (default-cli) < package @ newsletter-app <<<
[INFO] 
[INFO] --- maven-assembly-plugin:2.2-beta-5:assembly (default-cli) @ newsletter-app ---
[INFO] Building tar : C:\Users\108012516\workspace\newsletter-app\target\newsletter-app-0.0.1-SNAPSHOT-project.tar.gz
[WARNING] Entry: newsletter-app-0.0.1-SNAPSHOT/newsletter-model/.settings/org.eclipse.wst.common.project.facet.core.xml longer than 100 characters.
[WARNING] Resulting tar file can only be processed successfully by GNU compatible tar commands
[WARNING] Entry: newsletter-app-0.0.1-SNAPSHOT/newsletter-model/src/main/java/com/ewheezy/yayatow/newsletter/app/HelloApp.java longer than 100 characters.
[WARNING] Entry: newsletter-app-0.0.1-SNAPSHOT/newsletter-repository/.settings/org.eclipse.wst.common.project.facet.core.xml longer than 100 characters.
[WARNING] Entry: newsletter-app-0.0.1-SNAPSHOT/newsletter-service/.settings/org.eclipse.wst.common.project.facet.core.xml longer than 100 characters.
[WARNING] Entry: newsletter-app-0.0.1-SNAPSHOT/newsletter-utils/.settings/org.eclipse.wst.common.project.facet.core.xml longer than 100 characters.
[WARNING] Entry: newsletter-app-0.0.1-SNAPSHOT/newsletter-utils/src/main/java/com/ewheezy/yayatow/newsletter/DateUtil.java longer than 100 characters.
[WARNING] Entry: newsletter-app-0.0.1-SNAPSHOT/newsletter-utils/src/test/java/com/ewheezy/yayatow/newsletter/DateUtilTest.java longer than 100 characters.
[WARNING] Entry: newsletter-app-0.0.1-SNAPSHOT/newsletter-web/.settings/org.eclipse.wst.common.project.facet.core.xml longer than 100 characters.
[INFO] Building tar : C:\Users\108012516\workspace\newsletter-app\target\newsletter-app-0.0.1-SNAPSHOT-project.tar.bz2
[WARNING] Entry: newsletter-app-0.0.1-SNAPSHOT/newsletter-model/.settings/org.eclipse.wst.common.project.facet.core.xml longer than 100 characters.
[WARNING] Resulting tar file can only be processed successfully by GNU compatible tar commands
[WARNING] Entry: newsletter-app-0.0.1-SNAPSHOT/newsletter-model/src/main/java/com/ewheezy/yayatow/newsletter/app/HelloApp.java longer than 100 characters.
[WARNING] Entry: newsletter-app-0.0.1-SNAPSHOT/newsletter-repository/.settings/org.eclipse.wst.common.project.facet.core.xml longer than 100 characters.
[WARNING] Entry: newsletter-app-0.0.1-SNAPSHOT/newsletter-service/.settings/org.eclipse.wst.common.project.facet.core.xml longer than 100 characters.
[WARNING] Entry: newsletter-app-0.0.1-SNAPSHOT/newsletter-utils/.settings/org.eclipse.wst.common.project.facet.core.xml longer than 100 characters.
[WARNING] Entry: newsletter-app-0.0.1-SNAPSHOT/newsletter-utils/src/main/java/com/ewheezy/yayatow/newsletter/DateUtil.java longer than 100 characters.
[WARNING] Entry: newsletter-app-0.0.1-SNAPSHOT/newsletter-utils/src/test/java/com/ewheezy/yayatow/newsletter/DateUtilTest.java longer than 100 characters.
[WARNING] Entry: newsletter-app-0.0.1-SNAPSHOT/newsletter-web/.settings/org.eclipse.wst.common.project.facet.core.xml longer than 100 characters.
[INFO] Building zip: C:\Users\108012516\workspace\newsletter-app\target\newsletter-app-0.0.1-SNAPSHOT-project.zip
[INFO] ------------------------------------------------------------------------
[INFO] Reactor Summary:
[INFO] 
[INFO] Newsletter Application ............................. SUCCESS [ 19.586 s]
[INFO] Newsletter Config .................................. SKIPPED
[INFO] Newsletter Utils ................................... SKIPPED
[INFO] Newsletter Model ................................... SKIPPED
[INFO] Newsletter Respository ............................. SKIPPED
[INFO] Newsletter Service ................................. SKIPPED
[INFO] Newsletter Security ................................ SKIPPED
[INFO] Newsletter Web ..................................... SKIPPED
[INFO] ------------------------------------------------------------------------
[INFO] BUILD SUCCESS
[INFO] ------------------------------------------------------------------------
[INFO] Total time: 20.353 s
[INFO] Finished at: 2016-11-10T16:27:25+01:00
[INFO] Final Memory: 34M/81M
[INFO] ------------------------------------------------------------------------
