[INFO] Scanning for projects...
[INFO] ------------------------------------------------------------------------
[INFO] Reactor Build Order:
[INFO] 
[INFO] blogmvc
[INFO] Resource For WebApp
[INFO] blogmvc-utils
[INFO] blogmvc-model
[INFO] blogmvc-repository
[INFO] blogmvc-service
[INFO] blogmvc-web Maven Webapp
[INFO]                                                                         
[INFO] ------------------------------------------------------------------------
[INFO] Building blogmvc 0.0.1-SNAPSHOT
[INFO] ------------------------------------------------------------------------
[INFO] 
[INFO] >>> maven-eclipse-plugin:2.9:eclipse (default-cli) > generate-resources @ blogmvc >>>
[INFO] 
[INFO] <<< maven-eclipse-plugin:2.9:eclipse (default-cli) < generate-resources @ blogmvc <<<
[INFO] 
[INFO] --- maven-eclipse-plugin:2.9:eclipse (default-cli) @ blogmvc ---
[INFO] Not running eclipse plugin goal for pom project
[INFO] Adding support for WTP version 2.0.
[INFO] Using Eclipse Workspace: null
[INFO] Adding default classpath container: org.eclipse.jdt.launching.JRE_CONTAINER
[INFO]                                                                         
[INFO] ------------------------------------------------------------------------
[INFO] Building Resource For WebApp 0.0.1-SNAPSHOT
[INFO] ------------------------------------------------------------------------
[INFO] 
[INFO] >>> maven-eclipse-plugin:2.9:eclipse (default-cli) > generate-resources @ blogmvc-config >>>
[INFO] 
[INFO] <<< maven-eclipse-plugin:2.9:eclipse (default-cli) < generate-resources @ blogmvc-config <<<
[INFO] 
[INFO] --- maven-eclipse-plugin:2.9:eclipse (default-cli) @ blogmvc-config ---
[INFO] Adding support for WTP version 2.0.
[INFO] Using Eclipse Workspace: null
[INFO] Adding default classpath container: org.eclipse.jdt.launching.JRE_CONTAINER
[INFO] Wrote Eclipse project for "blogmvc-config" to D:\SeafileData\Seafile\JavaDev\JavaWebProject\sampleblog\blogmvc\blogmvc-config.
[INFO] 
[INFO]                                                                         
[INFO] ------------------------------------------------------------------------
[INFO] Building blogmvc-utils 0.0.1-SNAPSHOT
[INFO] ------------------------------------------------------------------------
[INFO] 
[INFO] >>> maven-eclipse-plugin:2.9:eclipse (default-cli) > generate-resources @ blogmvc-utils >>>
[INFO] 
[INFO] <<< maven-eclipse-plugin:2.9:eclipse (default-cli) < generate-resources @ blogmvc-utils <<<
[INFO] 
[INFO] --- maven-eclipse-plugin:2.9:eclipse (default-cli) @ blogmvc-utils ---
[INFO] Adding support for WTP version 2.0.
[INFO] Using Eclipse Workspace: null
[INFO] Adding default classpath container: org.eclipse.jdt.launching.JRE_CONTAINER
[INFO] Wrote Eclipse project for "blogmvc-utils" to D:\SeafileData\Seafile\JavaDev\JavaWebProject\sampleblog\blogmvc\blogmvc-utils.
[INFO] 
[INFO]                                                                         
[INFO] ------------------------------------------------------------------------
[INFO] Building blogmvc-model 0.0.1-SNAPSHOT
[INFO] ------------------------------------------------------------------------
[INFO] 
[INFO] >>> maven-eclipse-plugin:2.9:eclipse (default-cli) > generate-resources @ blogmvc-model >>>
[INFO] 
[INFO] <<< maven-eclipse-plugin:2.9:eclipse (default-cli) < generate-resources @ blogmvc-model <<<
[INFO] 
[INFO] --- maven-eclipse-plugin:2.9:eclipse (default-cli) @ blogmvc-model ---
[INFO] Adding support for WTP version 2.0.
[INFO] Using Eclipse Workspace: null
[INFO] Adding default classpath container: org.eclipse.jdt.launching.JRE_CONTAINER
[INFO] Wrote Eclipse project for "blogmvc-model" to D:\SeafileData\Seafile\JavaDev\JavaWebProject\sampleblog\blogmvc\blogmvc-model.
[INFO] 
[INFO]                                                                         
[INFO] ------------------------------------------------------------------------
[INFO] Building blogmvc-repository 0.0.1-SNAPSHOT
[INFO] ------------------------------------------------------------------------
[INFO] 
[INFO] >>> maven-eclipse-plugin:2.9:eclipse (default-cli) > generate-resources @ blogmvc-repository >>>
[INFO] 
[INFO] <<< maven-eclipse-plugin:2.9:eclipse (default-cli) < generate-resources @ blogmvc-repository <<<
[INFO] 
[INFO] --- maven-eclipse-plugin:2.9:eclipse (default-cli) @ blogmvc-repository ---
[INFO] Adding support for WTP version 2.0.
[INFO] Using Eclipse Workspace: null
[INFO] Adding default classpath container: org.eclipse.jdt.launching.JRE_CONTAINER
[INFO] Wrote Eclipse project for "blogmvc-repository" to D:\SeafileData\Seafile\JavaDev\JavaWebProject\sampleblog\blogmvc\blogmvc-repository.
[INFO] 
[INFO]                                                                         
[INFO] ------------------------------------------------------------------------
[INFO] Building blogmvc-service 0.0.1-SNAPSHOT
[INFO] ------------------------------------------------------------------------
[INFO] 
[INFO] >>> maven-eclipse-plugin:2.9:eclipse (default-cli) > generate-resources @ blogmvc-service >>>
[INFO] 
[INFO] <<< maven-eclipse-plugin:2.9:eclipse (default-cli) < generate-resources @ blogmvc-service <<<
[INFO] 
[INFO] --- maven-eclipse-plugin:2.9:eclipse (default-cli) @ blogmvc-service ---
[INFO] Adding support for WTP version 2.0.
[INFO] Using Eclipse Workspace: null
[INFO] Adding default classpath container: org.eclipse.jdt.launching.JRE_CONTAINER
[INFO] Wrote Eclipse project for "blogmvc-service" to D:\SeafileData\Seafile\JavaDev\JavaWebProject\sampleblog\blogmvc\blogmvc-service.
[INFO] 
[INFO]                                                                         
[INFO] ------------------------------------------------------------------------
[INFO] Building blogmvc-web Maven Webapp 0.0.1-SNAPSHOT
[INFO] ------------------------------------------------------------------------
[INFO] 
[INFO] >>> maven-eclipse-plugin:2.9:eclipse (default-cli) > generate-resources @ blogmvc-web >>>
[INFO] 
[INFO] --- maven-dependency-plugin:2.10:unpack (unpack-config) @ blogmvc-web ---
[INFO] Configured Artifact: com.wheezy.blog:blogmvc-config:resources:?:zip
Downloading: https://repository.jboss.org/com/wheezy/blog/blogmvc-config/0.0.1-SNAPSHOT/maven-metadata.xml
Downloading: http://repo.spring.io/libs-snapshot-local/com/wheezy/blog/blogmvc-config/0.0.1-SNAPSHOT/maven-metadata.xml
[INFO] Unpacking C:\Users\108012516\.m2\repository\com\wheezy\blog\blogmvc-config\0.0.1-SNAPSHOT\blogmvc-config-0.0.1-SNAPSHOT-resources.zip to D:\SeafileData\Seafile\JavaDev\JavaWebProject\sampleblog\blogmvc\blogmvc-web\target\blogmvc-web-0.0.1-SNAPSHOT-env-dev\WEB-INF\config with includes "" and excludes ""
[INFO] 
[INFO] <<< maven-eclipse-plugin:2.9:eclipse (default-cli) < generate-resources @ blogmvc-web <<<
[INFO] 
[INFO] --- maven-eclipse-plugin:2.9:eclipse (default-cli) @ blogmvc-web ---
[INFO] Adding support for WTP version 2.0.
[INFO] Using Eclipse Workspace: null
[INFO] Adding default classpath container: org.eclipse.jdt.launching.JRE_CONTAINER
[INFO] Wrote Eclipse project for "blogmvc-web" to D:\SeafileData\Seafile\JavaDev\JavaWebProject\sampleblog\blogmvc\blogmvc-web.
[INFO] 
[INFO] ------------------------------------------------------------------------
[INFO] Reactor Summary:
[INFO] 
[INFO] blogmvc ............................................ SUCCESS [  0.626 s]
[INFO] Resource For WebApp ................................ SUCCESS [  0.234 s]
[INFO] blogmvc-utils ...................................... SUCCESS [  0.297 s]
[INFO] blogmvc-model ...................................... SUCCESS [  5.460 s]
[INFO] blogmvc-repository ................................. SUCCESS [  0.999 s]
[INFO] blogmvc-service .................................... SUCCESS [  0.218 s]
[INFO] blogmvc-web Maven Webapp ........................... SUCCESS [ 12.443 s]
[INFO] ------------------------------------------------------------------------
[INFO] BUILD SUCCESS
[INFO] ------------------------------------------------------------------------
[INFO] Total time: 21.027 s
[INFO] Finished at: 2017-03-09T09:33:28+01:00
[INFO] Final Memory: 13M/32M
[INFO] ------------------------------------------------------------------------
